_add_automap
_create_ignition_distro_with_tty_magic
_create_ignition_master_with_tty_magic
_create_ignition_metadata
do_automap
do_declamp
do_export
do_import
do_install
do_key
do_map
do_master
do_overdrive
do_path
do_remote
do_repair
do_revoke
do_rewind
do_rotate
do_sec
do_setup
do_snapshot
do_uninstall
do_unmap
_is_mapped
_load_key_bundle
_merge_manifests
_migrate_artifacts_namespace
_overdrive_lock
_overdrive_status
_overdrive_unlock
_revoke_ignition_access
_revoke_local_access
_setup_ignition_directories
_should_exclude
_store_key_bundle
_unlock_ignition_with_tty_magic
