_temp_cleanup
_temp_register
_temp_mktemp
_temp_mktemp_d
_temp_setup_trap
_relative_path
_prompt
_prompt_secret
_confirm
is_git_repo
is_deployed
_verify_unlock_capability
is_dev
is_locked
is_unlocked
_get_repo_root
_get_lock_state
_load_crypto_config
_validate_age_installation
_append_gitattributes
_append_gitignore
__install_age
__install_age_binary
__encrypt_stream
__decrypt_stream
_calculate_locker_checksum
_logo
_validate_clamp_target
_setup_crypto_with_master
is_chest_repo
get_chest_state
_lock_chest
_unlock_chest
_generate_ignition_key
_setup_ignition_system
_rotate_ignition_key
_ensure_master_key
_create_skull_backup
_restore_master_key
__print_padlock_config
_age_interactive_encrypt
_age_interactive_decrypt
_derive_ignition_key
_create_ignition_metadata
_validate_ignition_authority
_cache_derived_key
_get_master_private_key
_get_master_public_key
_create_ignition_master_with_tty_magic
_create_ignition_distro_with_tty_magic
_unlock_ignition_with_tty_magic
_list_ignition_keys
_show_ignition_status
_add_ignition_authority
help_ignite
