do_ignite
_get_ignite_passphrase
_parse_ignite_command_args
_extract_flag_values
_ignite_operation
_ignite_help
_ignite_help_detailed
_do_ignite_create
_do_ignite_new
_do_ignite_unlock
_do_ignite_allow
_do_ignite_list
_do_ignite_status
_do_ignite_export
_do_ignite_revoke
_do_ignite_rotate
_do_ignite_reset
_do_ignite_verify
_do_ignite_help
_create_ignition_master_with_tty_magic
_create_ignition_distro_with_tty_magic
_unlock_ignition_with_tty_magic
_setup_ignition_directories
_create_ignition_metadata
_store_key_bundle
_load_key_bundle
do_rotate
do_export
_merge_manifests
do_import
do_snapshot
do_rewind
do_install
do_uninstall
_overdrive_unlock
_overdrive_status
_overdrive_lock
do_overdrive
do_setup
do_key
do_master
do_sec
do_setup
do_repair
do_declamp
do_map
do_automap
_is_mapped
_should_exclude
_add_automap
do_unmap
do_path
_migrate_artifacts_namespace
do_remote
do_revoke
_revoke_local_access
_revoke_ignition_access
_create_ignition_master_with_tty_magic
_create_ignition_distro_with_tty_magic
_unlock_ignition_with_tty_magic
_ignition_lock
_chest_status
_ignition_unlock
